#
# A fatal error has been detected by the Java Runtime Environment:
#
#  Internal Error (0xc000000d), pid=21688, tid=0x00000000000003d8
#
# JRE version: Java(TM) SE Runtime Environment (8.0_92-b14) (build 1.8.0_92-b14)
# Java VM: Java HotSpot(TM) 64-Bit Server VM (25.92-b14 mixed mode windows-amd64 compressed oops)
# Problematic frame:
# C  [ntdll.dll+0x96b4f]
#
# Failed to write core dump. Minidumps are not enabled by default on client versions of Windows
#
# If you would like to submit a bug report, please visit:
#   http://bugreport.java.com/bugreport/crash.jsp
#

---------------  T H R E A D  ---------------

Current thread (0x00000000303f2800):  VMThread [stack: 0x00000000313a0000,0x00000000314a0000] [id=984]

siginfo: ExceptionCode=0xc000000d

Registers:
RAX=0x000000004c4a680b, RBX=0x0000000000000000, RCX=0x000000003149e720, RDX=0x0000000000000000
RSP=0x000000003149ed30, RBP=0x000000003dbd2060, RSI=0x000007fee4127408, RDI=0x000000003149ee78
R8 =0x0000000000000000, R9 =0x0000000000000000, R10=0x0000000000000000, R11=0x0000000000000246
R12=0x000000003acf0fc0, R13=0x000000003acf0cd0, R14=0x000000003dbd2168, R15=0x0000000000000000
RIP=0x0000000077c66b4f, EFLAGS=0x0000000000000202

Top of Stack: (sp=0x000000003149ed30)
0x000000003149ed30:   0000000000000000 000007fee4127408
0x000000003149ed40:   000000003149ee78 012e0000000753d4
0x000000003149ed50:   000000003a180230 0000000000001303
0x000000003149ed60:   0000000000000000 0000000000000000
0x000000003149ed70:   0000000000000002 000000ae00000003
0x000000003149ed80:   00000000c000000d 0000000000000000
0x000000003149ed90:   0000000077c66b4f 0000000000000000
0x000000003149eda0:   0000000000000000 0000000000000000
0x000000003149edb0:   0000000000000000 0000000000000000
0x000000003149edc0:   0000000000000000 0000000000000000
0x000000003149edd0:   0000000000000000 0000000000000000
0x000000003149ede0:   0000000000000000 0000000000000000
0x000000003149edf0:   0000000000000000 0000000000000000
0x000000003149ee00:   0000000000000000 0000000000000000
0x000000003149ee10:   0000000000000000 0000003300000003
0x000000003149ee20:   0000000000000e10 0000000077af3458 

Instructions: (pc=0x0000000077c66b4f)
0x0000000077c66b2f:   cd 6b fb ff b9 57 00 00 00 c7 44 24 50 0d 00 00
0x0000000077c66b3f:   c0 e8 bb 6e fb ff 48 8d 4c 24 50 e8 31 1d f8 ff
0x0000000077c66b4f:   4c 8b 1d 82 68 09 00 4d 85 db 74 5b 65 48 8b 04
0x0000000077c66b5f:   25 30 00 00 00 f6 80 ee 17 00 00 08 74 12 65 48 


Register to memory mapping:

RAX=0x000000004c4a680b is an unknown value
RBX=0x0000000000000000 is an unknown value
RCX=0x000000003149e720 is an unknown value
RDX=0x0000000000000000 is an unknown value
RSP=0x000000003149ed30 is an unknown value
RBP=0x000000003dbd2060 is an unknown value
RSI=0x000007fee4127408 is an unknown value
RDI=0x000000003149ee78 is an unknown value
R8 =0x0000000000000000 is an unknown value
R9 =0x0000000000000000 is an unknown value
R10=0x0000000000000000 is an unknown value
R11=0x0000000000000246 is an unknown value
R12=0x000000003acf0fc0 is an unknown value
R13=0x000000003acf0cd0 is an unknown value
R14=0x000000003dbd2168 is an unknown value
R15=0x0000000000000000 is an unknown value


Stack: [0x00000000313a0000,0x00000000314a0000],  sp=0x000000003149ed30,  free space=1019k
Native frames: (J=compiled Java code, j=interpreted, Vv=VM code, C=native code)
C  [ntdll.dll+0x96b4f]
C  [kernel32.dll+0x43458]
C  [MSVCR110.dll+0x752d]
C  [MSVCR110.dll+0x14cde]
C  [MSVCR110.dll+0x13edc]
C  [MSVCR110.dll+0x239e]
C  [MSVCR110.dll+0xaf9e]
C  [MSVCP110.dll+0x397b9]
C  0x0000000057c172e2
C  0x0000000057c178bb
C  0x0000000057ec7968
C  0x0000000057ec7bea
C  [ntdll.dll+0x229b1]
C  [ntdll.dll+0x227c0]
C  [mscoreei.dll+0xfb83]
C  [mscoree.dll+0x17e2d]
C  [msvcr100.dll+0x20937]
C  [msvcr100.dll+0x20cc4]
V  [jvm.dll+0x211b45]
V  [jvm.dll+0x24a8e7]
V  [jvm.dll+0x249b86]
V  [jvm.dll+0x24a021]
V  [jvm.dll+0x24a23e]
V  [jvm.dll+0x29b34a]
C  [msvcr100.dll+0x21d9f]
C  [msvcr100.dll+0x21e3b]
C  [kernel32.dll+0x159bd]
C  [ntdll.dll+0x2a2e1]

VM_Operation (0x000000003a8ef320): Exit, mode: safepoint, requested by thread 0x0000000036389000


---------------  P R O C E S S  ---------------

Java Threads: ( => current thread )
  0x0000000036389000 JavaThread "Thread-22" [_thread_blocked, id=22220, stack(0x000000003a7f0000,0x000000003a8f0000)]
  0x000000003638a800 JavaThread "Thread-21" daemon [_thread_blocked, id=17892, stack(0x000000003a590000,0x000000003a690000)]
  0x0000000036391800 JavaThread "TimerQueue" daemon [_thread_blocked, id=17160, stack(0x000000003a940000,0x000000003aa40000)]
  0x000000003638d800 JavaThread "AWT-EventQueue-0" [_thread_blocked, id=17192, stack(0x0000000038c50000,0x0000000038d50000)]
  0x000000003638c000 JavaThread "AWT-Shutdown" [_thread_blocked, id=18512, stack(0x00000000388d0000,0x00000000389d0000)]
  0x000000003638b800 JavaThread "Java2D Disposer" daemon [_thread_blocked, id=20248, stack(0x00000000386f0000,0x00000000387f0000)]
  0x0000000030506000 JavaThread "Service Thread" daemon [_thread_blocked, id=6936, stack(0x0000000031a80000,0x0000000031b80000)]
  0x0000000030499800 JavaThread "C1 CompilerThread3" daemon [_thread_blocked, id=22128, stack(0x0000000032050000,0x0000000032150000)]
  0x0000000030470800 JavaThread "C2 CompilerThread2" daemon [_thread_blocked, id=5724, stack(0x0000000031eb0000,0x0000000031fb0000)]
  0x000000003044d800 JavaThread "C2 CompilerThread1" daemon [_thread_blocked, id=20980, stack(0x0000000031840000,0x0000000031940000)]
  0x0000000030444800 JavaThread "C2 CompilerThread0" daemon [_thread_blocked, id=20904, stack(0x0000000031da0000,0x0000000031ea0000)]
  0x0000000030441000 JavaThread "Attach Listener" daemon [_thread_blocked, id=18952, stack(0x0000000031bb0000,0x0000000031cb0000)]
  0x0000000030440000 JavaThread "Signal Dispatcher" daemon [_thread_blocked, id=14476, stack(0x0000000031950000,0x0000000031a50000)]
  0x000000002f27f800 JavaThread "Finalizer" daemon [_thread_blocked, id=14724, stack(0x0000000031740000,0x0000000031840000)]
  0x000000002f278800 JavaThread "Reference Handler" daemon [_thread_blocked, id=16148, stack(0x0000000031560000,0x0000000031660000)]
  0x00000000021fa000 JavaThread "main" [_thread_blocked, id=18528, stack(0x0000000002520000,0x0000000002620000)]

Other Threads:
=>0x00000000303f2800 VMThread [stack: 0x00000000313a0000,0x00000000314a0000] [id=984]

VM state:at safepoint (shutting down)

VM Mutex/Monitor currently owned by a thread:  ([mutex/lock_event])
[0x0000000001e6e840] Threads_lock - owner thread: 0x00000000303f2800

Heap:
 PSYoungGen      total 229376K, used 42752K [0x00000006c0180000, 0x00000006d0180000, 0x00000007c0000000)
  eden space 196608K, 21% used [0x00000006c0180000,0x00000006c2b402c0,0x00000006cc180000)
  from space 32768K, 0% used [0x00000006ce180000,0x00000006ce180000,0x00000006d0180000)
  to   space 32768K, 0% used [0x00000006cc180000,0x00000006cc180000,0x00000006ce180000)
 ParOldGen       total 605184K, used 14742K [0x00000004c0400000, 0x00000004e5300000, 0x00000006c0180000)
  object space 605184K, 2% used [0x00000004c0400000,0x00000004c1265ac8,0x00000004e5300000)
 Metaspace       used 36400K, capacity 36960K, committed 37376K, reserved 1081344K
  class space    used 4823K, capacity 5010K, committed 5120K, reserved 1048576K

Card table byte_map: [0x0000000011cb0000,0x00000000134b0000] byte_map_base: 0x000000000f6ae000

Marking Bits: (ParMarkBitMap*) 0x000000006ff964f0
 Begin Bits: [0x00000000150b0000, 0x00000000210a0000)
 End Bits:   [0x00000000210a0000, 0x000000002d090000)

Polling page: 0x0000000000450000

CodeCache: size=245760Kb used=12781Kb max_used=12797Kb free=232978Kb
 bounds [0x00000000028f0000, 0x0000000003590000, 0x00000000118f0000]
 total_blobs=4966 nmethods=4188 adapters=690
 compilation: enabled

Compilation events (10 events):
Event: 877.705 Thread 0x0000000030499800 4878       3       java.io.DataOutputStream::writeBoolean (22 bytes)
Event: 877.705 Thread 0x0000000030499800 nmethod 4878 0x0000000002c547d0 code [0x0000000002c54940, 0x0000000002c54c68]
Event: 877.706 Thread 0x0000000030499800 4875       1       java.net.InetAddress::holder (5 bytes)
Event: 877.706 Thread 0x0000000030499800 nmethod 4875 0x0000000002ddfb10 code [0x0000000002ddfc60, 0x0000000002ddfd70]
Event: 877.707 Thread 0x0000000030499800 4881       1       java.util.concurrent.CopyOnWriteArrayList::getArray (5 bytes)
Event: 877.707 Thread 0x0000000030499800 nmethod 4881 0x0000000002ef2750 code [0x0000000002ef28a0, 0x0000000002ef29b0]
Event: 877.707 Thread 0x0000000030499800 4882       3       java.util.logging.Logger::updateEffectiveLevel (115 bytes)
Event: 877.708 Thread 0x0000000030499800 nmethod 4882 0x0000000002a38b50 code [0x0000000002a38d40, 0x0000000002a398e8]
Event: 877.740 Thread 0x0000000030499800 4883       3       java.awt.Cursor::setPData (72 bytes)
Event: 877.741 Thread 0x0000000030499800 nmethod 4883 0x00000000035806d0 code [0x00000000035808c0, 0x0000000003581198]

GC Heap History (8 events):
Event: 3.618 GC heap before
{Heap before GC invocations=1 (full 0):
 PSYoungGen      total 229376K, used 173063K [0x00000006c0180000, 0x00000006d0180000, 0x00000007c0000000)
  eden space 196608K, 88% used [0x00000006c0180000,0x00000006caa81c68,0x00000006cc180000)
  from space 32768K, 0% used [0x00000006ce180000,0x00000006ce180000,0x00000006d0180000)
  to   space 32768K, 0% used [0x00000006cc180000,0x00000006cc180000,0x00000006ce180000)
 ParOldGen       total 524288K, used 0K [0x00000004c0400000, 0x00000004e0400000, 0x00000006c0180000)
  object space 524288K, 0% used [0x00000004c0400000,0x00000004c0400000,0x00000004e0400000)
 Metaspace       used 20640K, capacity 21018K, committed 21248K, reserved 1067008K
  class space    used 2534K, capacity 2708K, committed 2816K, reserved 1048576K
Event: 3.639 GC heap after
Heap after GC invocations=1 (full 0):
 PSYoungGen      total 229376K, used 19445K [0x00000006c0180000, 0x00000006d0180000, 0x00000007c0000000)
  eden space 196608K, 0% used [0x00000006c0180000,0x00000006c0180000,0x00000006cc180000)
  from space 32768K, 59% used [0x00000006cc180000,0x00000006cd47d708,0x00000006ce180000)
  to   space 32768K, 0% used [0x00000006ce180000,0x00000006ce180000,0x00000006d0180000)
 ParOldGen       total 524288K, used 32K [0x00000004c0400000, 0x00000004e0400000, 0x00000006c0180000)
  object space 524288K, 0% used [0x00000004c0400000,0x00000004c0408000,0x00000004e0400000)
 Metaspace       used 20640K, capacity 21018K, committed 21248K, reserved 1067008K
  class space    used 2534K, capacity 2708K, committed 2816K, reserved 1048576K
}
Event: 3.639 GC heap before
{Heap before GC invocations=2 (full 1):
 PSYoungGen      total 229376K, used 19445K [0x00000006c0180000, 0x00000006d0180000, 0x00000007c0000000)
  eden space 196608K, 0% used [0x00000006c0180000,0x00000006c0180000,0x00000006cc180000)
  from space 32768K, 59% used [0x00000006cc180000,0x00000006cd47d708,0x00000006ce180000)
  to   space 32768K, 0% used [0x00000006ce180000,0x00000006ce180000,0x00000006d0180000)
 ParOldGen       total 524288K, used 32K [0x00000004c0400000, 0x00000004e0400000, 0x00000006c0180000)
  object space 524288K, 0% used [0x00000004c0400000,0x00000004c0408000,0x00000004e0400000)
 Metaspace       used 20640K, capacity 21018K, committed 21248K, reserved 1067008K
  class space    used 2534K, capacity 2708K, committed 2816K, reserved 1048576K
Event: 3.693 GC heap after
Heap after GC invocations=2 (full 1):
 PSYoungGen      total 229376K, used 0K [0x00000006c0180000, 0x00000006d0180000, 0x00000007c0000000)
  eden space 196608K, 0% used [0x00000006c0180000,0x00000006c0180000,0x00000006cc180000)
  from space 32768K, 0% used [0x00000006cc180000,0x00000006cc180000,0x00000006ce180000)
  to   space 32768K, 0% used [0x00000006ce180000,0x00000006ce180000,0x00000006d0180000)
 ParOldGen       total 359424K, used 18689K [0x00000004c0400000, 0x00000004d6300000, 0x00000006c0180000)
  object space 359424K, 5% used [0x00000004c0400000,0x00000004c1640440,0x00000004d6300000)
 Metaspace       used 20640K, capacity 21018K, committed 21248K, reserved 1067008K
  class space    used 2534K, capacity 2708K, committed 2816K, reserved 1048576K
}
Event: 151.400 GC heap before
{Heap before GC invocations=3 (full 1):
 PSYoungGen      total 229376K, used 116922K [0x00000006c0180000, 0x00000006d0180000, 0x00000007c0000000)
  eden space 196608K, 59% used [0x00000006c0180000,0x00000006c73aeb30,0x00000006cc180000)
  from space 32768K, 0% used [0x00000006cc180000,0x00000006cc180000,0x00000006ce180000)
  to   space 32768K, 0% used [0x00000006ce180000,0x00000006ce180000,0x00000006d0180000)
 ParOldGen       total 359424K, used 18689K [0x00000004c0400000, 0x00000004d6300000, 0x00000006c0180000)
  object space 359424K, 5% used [0x00000004c0400000,0x00000004c1640440,0x00000004d6300000)
 Metaspace       used 34695K, capacity 35200K, committed 35416K, reserved 1079296K
  class space    used 4607K, capacity 4786K, committed 4864K, reserved 1048576K
Event: 151.410 GC heap after
Heap after GC invocations=3 (full 1):
 PSYoungGen      total 229376K, used 6853K [0x00000006c0180000, 0x00000006d0180000, 0x00000007c0000000)
  eden space 196608K, 0% used [0x00000006c0180000,0x00000006c0180000,0x00000006cc180000)
  from space 32768K, 20% used [0x00000006ce180000,0x00000006ce831530,0x00000006d0180000)
  to   space 32768K, 0% used [0x00000006cc180000,0x00000006cc180000,0x00000006ce180000)
 ParOldGen       total 359424K, used 18705K [0x00000004c0400000, 0x00000004d6300000, 0x00000006c0180000)
  object space 359424K, 5% used [0x00000004c0400000,0x00000004c1644440,0x00000004d6300000)
 Metaspace       used 34695K, capacity 35200K, committed 35416K, reserved 1079296K
  class space    used 4607K, capacity 4786K, committed 4864K, reserved 1048576K
}
Event: 151.411 GC heap before
{Heap before GC invocations=4 (full 2):
 PSYoungGen      total 229376K, used 6853K [0x00000006c0180000, 0x00000006d0180000, 0x00000007c0000000)
  eden space 196608K, 0% used [0x00000006c0180000,0x00000006c0180000,0x00000006cc180000)
  from space 32768K, 20% used [0x00000006ce180000,0x00000006ce831530,0x00000006d0180000)
  to   space 32768K, 0% used [0x00000006cc180000,0x00000006cc180000,0x00000006ce180000)
 ParOldGen       total 359424K, used 18705K [0x00000004c0400000, 0x00000004d6300000, 0x00000006c0180000)
  object space 359424K, 5% used [0x00000004c0400000,0x00000004c1644440,0x00000004d6300000)
 Metaspace       used 34695K, capacity 35200K, committed 35416K, reserved 1079296K
  class space    used 4607K, capacity 4786K, committed 4864K, reserved 1048576K
Event: 151.456 GC heap after
Heap after GC invocations=4 (full 2):
 PSYoungGen      total 229376K, used 0K [0x00000006c0180000, 0x00000006d0180000, 0x00000007c0000000)
  eden space 196608K, 0% used [0x00000006c0180000,0x00000006c0180000,0x00000006cc180000)
  from space 32768K, 0% used [0x00000006ce180000,0x00000006ce180000,0x00000006d0180000)
  to   space 32768K, 0% used [0x00000006cc180000,0x00000006cc180000,0x00000006ce180000)
 ParOldGen       total 605184K, used 14742K [0x00000004c0400000, 0x00000004e5300000, 0x00000006c0180000)
  object space 605184K, 2% used [0x00000004c0400000,0x00000004c1265ac8,0x00000004e5300000)
 Metaspace       used 34695K, capacity 35200K, committed 35416K, reserved 1079296K
  class space    used 4607K, capacity 4786K, committed 4864K, reserved 1048576K
}

Deoptimization events (10 events):
Event: 155.834 Thread 0x0000000036390800 Uncommon trap: reason=unstable_if action=reinterpret pc=0x000000000342ac74 method=java.util.WeakHashMap.expungeStaleEntries()V @ 9
Event: 158.400 Thread 0x000000003638d800 Uncommon trap: reason=class_check action=maybe_recompile pc=0x00000000034512e4 method=java.awt.Container.getMouseEventTargetImpl(IIZLjava/awt/Container$EventTargetFilter;ZZ)Ljava/awt/Component; @ 64
Event: 171.976 Thread 0x000000003638d800 Uncommon trap: reason=class_check action=maybe_recompile pc=0x00000000034512e4 method=java.awt.Container.getMouseEventTargetImpl(IIZLjava/awt/Container$EventTargetFilter;ZZ)Ljava/awt/Component; @ 64
Event: 293.719 Thread 0x000000003638d800 Uncommon trap: reason=class_check action=maybe_recompile pc=0x00000000034512e4 method=java.awt.Container.getMouseEventTargetImpl(IIZLjava/awt/Container$EventTargetFilter;ZZ)Ljava/awt/Component; @ 64
Event: 293.975 Thread 0x000000003638d800 Uncommon trap: reason=class_check action=maybe_recompile pc=0x00000000034512e4 method=java.awt.Container.getMouseEventTargetImpl(IIZLjava/awt/Container$EventTargetFilter;ZZ)Ljava/awt/Component; @ 64
Event: 319.102 Thread 0x000000003638d800 Uncommon trap: reason=class_check action=maybe_recompile pc=0x000000000345e710 method=java.awt.EventQueue.coalesceEvent(Ljava/awt/AWTEvent;I)Z @ 77
Event: 319.103 Thread 0x000000003638d800 Uncommon trap: reason=unstable_if action=reinterpret pc=0x0000000003534ddc method=java.awt.Toolkit$SelectiveAWTEventListener.eventDispatched(Ljava/awt/AWTEvent;)V @ 240
Event: 319.158 Thread 0x000000003638d800 Uncommon trap: reason=class_check action=maybe_recompile pc=0x000000000345e710 method=java.awt.EventQueue.coalesceEvent(Ljava/awt/AWTEvent;I)Z @ 77
Event: 319.182 Thread 0x000000003638d800 Uncommon trap: reason=class_check action=maybe_recompile pc=0x000000000345e710 method=java.awt.EventQueue.coalesceEvent(Ljava/awt/AWTEvent;I)Z @ 77
Event: 319.198 Thread 0x000000003638d800 Uncommon trap: reason=class_check action=maybe_recompile pc=0x000000000345e710 method=java.awt.EventQueue.coalesceEvent(Ljava/awt/AWTEvent;I)Z @ 77

Internal exceptions (10 events):
Event: 81.919 Thread 0x0000000036393800 Exception <a 'java/lang/ArrayIndexOutOfBoundsException': 0> (0x00000006c664b2f0) thrown at [D:\re\workspace\8-2-build-windows-amd64-cygwin\jdk8u92\6642\hotspot\src\share\vm\interpreter\interpreterRuntime.cpp, line 366]
Event: 81.919 Thread 0x0000000036393800 Exception <a 'java/lang/ArrayIndexOutOfBoundsException': 0> (0x00000006c664b8a0) thrown at [D:\re\workspace\8-2-build-windows-amd64-cygwin\jdk8u92\6642\hotspot\src\share\vm\interpreter\interpreterRuntime.cpp, line 366]
Event: 155.794 Thread 0x0000000036390800 Exception <a 'java/lang/NullPointerException'> (0x00000006c0baa7c8) thrown at [D:\re\workspace\8-2-build-windows-amd64-cygwin\jdk8u92\6642\hotspot\src\share\vm\interpreter\linkResolver.cpp, line 1178]
Event: 877.688 Thread 0x000000003638a000 Exception <a 'java/lang/InterruptedException'> (0x00000006c1b486f8) thrown at [D:\re\workspace\8-2-build-windows-amd64-cygwin\jdk8u92\6642\hotspot\src\share\vm\runtime\objectMonitor.cpp, line 1684]
Event: 877.692 Thread 0x0000000036393800 Exception <a 'java/lang/InterruptedException'> (0x00000006c1acb4b0) thrown at [D:\re\workspace\8-2-build-windows-amd64-cygwin\jdk8u92\6642\hotspot\src\share\vm\runtime\objectMonitor.cpp, line 1684]
Event: 877.694 Thread 0x0000000036390800 Exception <a 'java/lang/InterruptedException'> (0x00000006c0d01d98) thrown at [D:\re\workspace\8-2-build-windows-amd64-cygwin\jdk8u92\6642\hotspot\src\share\vm\runtime\objectMonitor.cpp, line 1684]
Event: 877.697 Thread 0x0000000035dbd000 Exception <a 'java/net/SocketException': socket closed> (0x00000006c18a7ed8) thrown at [D:\re\workspace\8-2-build-windows-amd64-cygwin\jdk8u92\6642\hotspot\src\share\vm\prims\jni.cpp, line 735]
Event: 877.697 Thread 0x0000000036389000 Exception <a 'java/net/SocketException': Socket closed> (0x00000006c1bcfe58) thrown at [D:\re\workspace\8-2-build-windows-amd64-cygwin\jdk8u92\6642\hotspot\src\share\vm\prims\jni.cpp, line 735]
Event: 877.697 Thread 0x000000003638a800 Exception <a 'java/net/SocketException': Socket closed> (0x00000006c19e9e88) thrown at [D:\re\workspace\8-2-build-windows-amd64-cygwin\jdk8u92\6642\hotspot\src\share\vm\prims\jni.cpp, line 735]
Event: 877.697 Thread 0x00000000332c5800 Exception <a 'java/lang/InterruptedException': sleep interrupted> (0x00000006c133f560) thrown at [D:\re\workspace\8-2-build-windows-amd64-cygwin\jdk8u92\6642\hotspot\src\share\vm\prims\jvm.cpp, line 3215]

Events (10 events):
Event: 877.706 Executing VM operation: RevokeBias done
Event: 877.706 Executing VM operation: RevokeBias
Event: 877.706 Executing VM operation: RevokeBias done
Event: 877.707 Thread 0x0000000030499800 flushing nmethod 0x0000000002ef2290
Event: 877.707 Thread 0x0000000036393800 Thread exited: 0x0000000036393800
Event: 877.708 Thread 0x0000000030499800 flushing nmethod 0x0000000002fcccd0
Event: 877.741 Thread 0x0000000030499800 flushing nmethod 0x00000000030580d0
Event: 877.757 Thread 0x000000003638d000 Thread exited: 0x000000003638d000
Event: 877.804 Thread 0x000000003638a000 Thread exited: 0x000000003638a000
Event: 877.805 Executing VM operation: Exit


Dynamic libraries:
0x000000013ff00000 - 0x000000013ff37000 	C:\Program Files\Java\jre1.8.0_92\bin\javaw.exe
0x0000000077bd0000 - 0x0000000077d7a000 	C:\Windows\SYSTEM32\ntdll.dll
0x0000000077ab0000 - 0x0000000077bcf000 	C:\Windows\system32\kernel32.dll
0x000007fefda90000 - 0x000007fefdafa000 	C:\Windows\system32\KERNELBASE.dll
0x000007feff7b0000 - 0x000007feff88b000 	C:\Windows\system32\ADVAPI32.dll
0x000007feff8e0000 - 0x000007feff97f000 	C:\Windows\system32\msvcrt.dll
0x000007feff250000 - 0x000007feff26f000 	C:\Windows\SYSTEM32\sechost.dll
0x000007feff270000 - 0x000007feff39d000 	C:\Windows\system32\RPCRT4.dll
0x00000000779b0000 - 0x0000000077aaa000 	C:\Windows\system32\USER32.dll
0x000007feff980000 - 0x000007feff9e7000 	C:\Windows\system32\GDI32.dll
0x000007feff4e0000 - 0x000007feff4ee000 	C:\Windows\system32\LPK.dll
0x000007fefdd10000 - 0x000007fefddda000 	C:\Windows\system32\USP10.dll
0x000007fefc2c0000 - 0x000007fefc4b4000 	C:\Windows\WinSxS\amd64_microsoft.windows.common-controls_6595b64144ccf1df_6.0.7601.18837_none_fa3b1e3d17594757\COMCTL32.dll
0x000007fefe010000 - 0x000007fefe081000 	C:\Windows\system32\SHLWAPI.dll
0x000007feff780000 - 0x000007feff7ae000 	C:\Windows\system32\IMM32.DLL
0x000007feffdd0000 - 0x000007feffed9000 	C:\Windows\system32\MSCTF.dll
0x00000000756b0000 - 0x00000000756e9000 	C:\PROGRA~2\Sophos\SOPHOS~1\SOPHOS~2.DLL
0x0000000077da0000 - 0x0000000077da7000 	C:\Windows\system32\PSAPI.DLL
0x00000000796f0000 - 0x00000000797c2000 	C:\Program Files\Java\jre1.8.0_92\bin\msvcr100.dll
0x000000006f780000 - 0x0000000070016000 	C:\Program Files\Java\jre1.8.0_92\bin\server\jvm.dll
0x000007fef98a0000 - 0x000007fef98a9000 	C:\Windows\system32\WSOCK32.dll
0x000007feff890000 - 0x000007feff8dd000 	C:\Windows\system32\WS2_32.dll
0x000007feffdc0000 - 0x000007feffdc8000 	C:\Windows\system32\NSI.dll
0x000007fefb5c0000 - 0x000007fefb5fb000 	C:\Windows\system32\WINMM.dll
0x000007fefca60000 - 0x000007fefca6c000 	C:\Windows\system32\VERSION.dll
0x0000000000440000 - 0x000000000044f000 	C:\Program Files\Java\jre1.8.0_92\bin\verify.dll
0x000000006ccb0000 - 0x000000006ccd9000 	C:\Program Files\Java\jre1.8.0_92\bin\java.dll
0x0000000070690000 - 0x00000000706a6000 	C:\Program Files\Java\jre1.8.0_92\bin\zip.dll
0x000007fefe4c0000 - 0x000007feff24c000 	C:\Windows\system32\SHELL32.dll
0x000007fefde00000 - 0x000007fefe003000 	C:\Windows\system32\ole32.dll
0x000007fefd950000 - 0x000007fefd95f000 	C:\Windows\system32\profapi.dll
0x0000000070150000 - 0x000000007016a000 	C:\Program Files\Java\jre1.8.0_92\bin\net.dll
0x000007fefca70000 - 0x000007fefca9f000 	C:\ProgramData\Sophos\Web Intelligence\swi_ifslsp_64.dll
0x000007fefd0f0000 - 0x000007fefd145000 	C:\Windows\system32\mswsock.dll
0x000007fefd0e0000 - 0x000007fefd0e7000 	C:\Windows\System32\wship6.dll
0x000000006f5a0000 - 0x000000006f5b1000 	C:\Program Files\Java\jre1.8.0_92\bin\nio.dll
0x00000000703c0000 - 0x00000000703e4000 	C:\Program Files\Java\jre1.8.0_92\bin\sunec.dll
0x000007fefd340000 - 0x000007fefd358000 	C:\Windows\system32\CRYPTSP.dll
0x000007fefce40000 - 0x000007fefce87000 	C:\Windows\system32\rsaenh.dll
0x000007fefdb20000 - 0x000007fefdb3e000 	C:\Windows\system32\USERENV.dll
0x000007fefd7f0000 - 0x000007fefd7ff000 	C:\Windows\system32\CRYPTBASE.dll
0x000007fefbec0000 - 0x000007fefbee7000 	C:\Windows\system32\IPHLPAPI.DLL
0x000007fefca50000 - 0x000007fefca5b000 	C:\Windows\system32\WINNSI.DLL
0x000007fefa8a0000 - 0x000007fefa8b8000 	C:\Windows\system32\dhcpcsvc.DLL
0x000007fefa880000 - 0x000007fefa891000 	C:\Windows\system32\dhcpcsvc6.DLL
0x000007fefca40000 - 0x000007fefca47000 	C:\Windows\System32\wshtcpip.dll
0x000007fefcf70000 - 0x000007fefcfcb000 	C:\Windows\system32\DNSAPI.dll
0x000007fef9920000 - 0x000007fef994f000 	C:\Program Files\Common Files\Microsoft Shared\Windows Live\WLIDNSP.DLL
0x0000000072ff0000 - 0x0000000073016000 	C:\Program Files\Bonjour\mdnsNSP.dll
0x000007fef9910000 - 0x000007fef9918000 	C:\Windows\system32\rasadhlp.dll
0x000007fefa7f0000 - 0x000007fefa843000 	C:\Windows\System32\fwpuclnt.dll
0x000000006c9e0000 - 0x000000006cb78000 	C:\Program Files\Java\jre1.8.0_92\bin\awt.dll
0x000007fefe360000 - 0x000007fefe438000 	C:\Windows\system32\OLEAUT32.dll
0x000007fefb560000 - 0x000007fefb578000 	C:\Windows\system32\DWMAPI.DLL
0x000007fefc260000 - 0x000007fefc2b6000 	C:\Windows\system32\uxtheme.dll
0x000007feffbe0000 - 0x000007feffdb7000 	C:\Windows\system32\SETUPAPI.dll
0x000007fefd970000 - 0x000007fefd9a6000 	C:\Windows\system32\CFGMGR32.dll
0x000007fefd9b0000 - 0x000007fefd9ca000 	C:\Windows\system32\DEVOBJ.dll
0x0000000180000000 - 0x000000018013a000 	C:\Program Files (x86)\NVIDIA Corporation\3D Vision\nvSCPAPI64.dll
0x000000006cf90000 - 0x000000006cfd7000 	C:\Program Files\Java\jre1.8.0_92\bin\fontmanager.dll
0x0000000070250000 - 0x0000000070292000 	C:\Program Files\Java\jre1.8.0_92\bin\t2k.dll
0x000007feff440000 - 0x000007feff4d9000 	C:\Windows\system32\CLBCatQ.DLL
0x000007fef2650000 - 0x000007fef26f0000 	C:\Windows\WinSxS\amd64_microsoft.windows.common-controls_6595b64144ccf1df_5.82.7601.18837_none_a4d981ff711297b6\comctl32.dll
0x000007fefbc60000 - 0x000007fefbd8c000 	C:\Windows\system32\propsys.dll
0x000007fefc950000 - 0x000007fefc97d000 	C:\Windows\system32\ntmarta.dll
0x000007feff9f0000 - 0x000007feffa42000 	C:\Windows\system32\WLDAP32.dll
0x000007fefd790000 - 0x000007fefd7e7000 	C:\Windows\system32\apphelp.dll
0x000007fede540000 - 0x000007fede6dc000 	C:\Windows\system32\NetworkExplorer.dll
0x000007feea630000 - 0x000007feea664000 	C:\Windows\System32\shdocvw.dll
0x000007fefb7d0000 - 0x000007fefb7db000 	C:\Windows\system32\slc.dll
0x000007fef8ba0000 - 0x000007fef8bb8000 	C:\Windows\system32\MPR.dll
0x000007feee5b0000 - 0x000007feee5ba000 	C:\Windows\System32\drprov.dll
0x000007fefd3d0000 - 0x000007fefd40d000 	C:\Windows\System32\WINSTA.dll
0x000007feec7b0000 - 0x000007feec7d2000 	C:\Windows\System32\ntlanman.dll
0x000007feec760000 - 0x000007feec77d000 	C:\Windows\System32\davclnt.dll
0x000007feeb560000 - 0x000007feeb56a000 	C:\Windows\System32\DAVHLPR.dll
0x000007fefb830000 - 0x000007fefb845000 	C:\Windows\system32\wkscli.dll
0x000007fef3b00000 - 0x000007fef3b0f000 	C:\Windows\system32\cscapi.dll
0x000007fefce90000 - 0x000007fefce9c000 	C:\Windows\system32\netutils.dll
0x000007fefc040000 - 0x000007fefc256000 	C:\Windows\WinSxS\amd64_microsoft.windows.gdiplus_6595b64144ccf1df_1.1.7601.23407_none_14556c1e8b95d0b8\gdiplus.dll
0x000007feef2a0000 - 0x000007feef35d000 	C:\Windows\system32\PortableDeviceApi.dll
0x000007fefdb40000 - 0x000007fefdb7b000 	C:\Windows\system32\WINTRUST.dll
0x000007fefdb80000 - 0x000007fefdced000 	C:\Windows\system32\CRYPT32.dll
0x000007fefd960000 - 0x000007fefd96f000 	C:\Windows\system32\MSASN1.dll
0x000007feef1c0000 - 0x000007feef1e7000 	C:\Windows\system32\EhStorAPI.dll
0x000007feedf70000 - 0x000007feedf7c000 	C:\Windows\system32\LINKINFO.dll
0x000007fefb220000 - 0x000007fefb381000 	C:\Windows\system32\WindowsCodecs.dll
0x000007fefa300000 - 0x000007fefa36f000 	C:\Windows\system32\mscoree.dll
0x000007fef3260000 - 0x000007fef32f8000 	C:\Windows\Microsoft.NET\Framework64\v4.0.30319\mscoreei.dll
0x000007fefd820000 - 0x000007fefd8b1000 	C:\Windows\system32\sxs.dll
0x000007fef1cb0000 - 0x000007fef2640000 	C:\Windows\Microsoft.NET\Framework64\v4.0.30319\clr.dll
0x000007fef1bb0000 - 0x000007fef1ca7000 	C:\Windows\system32\MSVCR120_CLR0400.dll
0x000007fef06c0000 - 0x000007fef1b84000 	C:\Windows\assembly\NativeImages_v4.0.30319_64\mscorlib\0b312f3f14daccc8bdc79fdcd75a45e2\mscorlib.ni.dll
0x000007fefd800000 - 0x000007fefd814000 	C:\Windows\system32\RpcRtRemote.dll
0x000007fee87f0000 - 0x000007fee93c0000 	C:\Windows\assembly\NativeImages_v4.0.30319_64\System\9a2715c05cb7bc5d06a7cc5801c474ca\System.ni.dll
0x000007feeaa90000 - 0x000007feeac7b000 	C:\Windows\assembly\NativeImages_v4.0.30319_64\System.Drawing\6597ef744b81c7e65312aece5f13299c\System.Drawing.ni.dll
0x000007fef0590000 - 0x000007fef0695000 	C:\Windows\Microsoft.NET\Framework64\v4.0.30319\clrjit.dll
0x000007fef06a0000 - 0x000007fef06b6000 	C:\Windows\Microsoft.NET\Framework64\v4.0.30319\nlssorting.dll
0x000007fee7e60000 - 0x000007fee87eb000 	C:\Windows\assembly\NativeImages_v4.0.30319_64\System.Core\82c05157a6f4f6a2690055ba9d050986\System.Core.ni.dll
0x000007feeae70000 - 0x000007feeaf91000 	C:\Windows\assembly\NativeImages_v4.0.30319_64\System.Configuration\478aa7abe92f2fd1fe94658518f5f39a\System.Configuration.ni.dll
0x000007fee75c0000 - 0x000007fee7e52000 	C:\Windows\assembly\NativeImages_v4.0.30319_64\System.Xml\c971f0ba8d03fe3fb35b6f1de636a882\System.Xml.ni.dll
0x000007fefb810000 - 0x000007fefb825000 	C:\Windows\system32\NLAapi.dll
0x000007fef9980000 - 0x000007fef9995000 	C:\Windows\system32\napinsp.dll
0x000007fef9960000 - 0x000007fef9979000 	C:\Windows\system32\pnrpnsp.dll
0x000007fef9950000 - 0x000007fef995b000 	C:\Windows\System32\winrnr.dll
0x000007feea830000 - 0x000007feea8f0000 	C:\Program Files (x86)\Google\Drive\googledrivesync64.dll
0x0000000067a80000 - 0x0000000067b53000 	C:\Windows\WinSxS\amd64_microsoft.vc90.crt_1fc8b3b9a1e18e3b_9.0.30729.6161_none_08e61857a83bc251\MSVCP90.dll
0x0000000067b90000 - 0x0000000067c33000 	C:\Windows\WinSxS\amd64_microsoft.vc90.crt_1fc8b3b9a1e18e3b_9.0.30729.6161_none_08e61857a83bc251\MSVCR90.dll
0x000007feea7f0000 - 0x000007feea830000 	C:\Program Files (x86)\Dropbox\Client\DropboxExt64.34.dll
0x000007fedad90000 - 0x000007fedae2e000 	C:\Windows\system32\RICHED20.DLL
0x000007feedde0000 - 0x000007feede04000 	C:\Program Files\Siemens\NX 10.0\UGII\libnxopenjavacore.dll
0x000007fed3dc0000 - 0x000007fed44cc000 	C:\Program Files\Siemens\NX 10.0\UGII\libjam.dll
0x000007fed3890000 - 0x000007fed3db4000 	C:\Program Files\Siemens\NX 10.0\UGII\libsyss.dll
0x000007fee4120000 - 0x000007fee41f4000 	C:\Windows\system32\MSVCR110.dll
0x000007fee3180000 - 0x000007fee3227000 	C:\Windows\system32\MSVCP110.dll
0x000007feda250000 - 0x000007feda301000 	C:\Windows\system32\ODBC32.dll
0x000007feef210000 - 0x000007feef229000 	C:\Program Files\Siemens\NX 10.0\UGII\libnxc.dll
0x000007fef0490000 - 0x000007fef0497000 	C:\Program Files\Siemens\NX 10.0\UGII\libpatch.dll
0x000007feff3a0000 - 0x000007feff437000 	C:\Windows\system32\COMDLG32.dll
0x000007fefb850000 - 0x000007fefb866000 	C:\Windows\system32\NETAPI32.dll
0x000007fefd430000 - 0x000007fefd453000 	C:\Windows\system32\srvcli.dll
0x000007fed29b0000 - 0x000007fed388b400 	C:\Program Files\Siemens\NX 10.0\UGII\libpart.dll
0x000007feced60000 - 0x000007fecfb73000 	C:\Program Files\Siemens\NX 10.0\UGII\libann.dll
0x000007fed04a0000 - 0x000007fed099d000 	C:\Program Files\Siemens\NX 10.0\UGII\libcmod.dll
0x000007fed0210000 - 0x000007fed0499000 	C:\Program Files\Siemens\NX 10.0\UGII\libcustdef.dll
0x000007feda140000 - 0x000007feda1e8000 	C:\Program Files\Siemens\NX 10.0\UGII\libugmath.dll
0x000007fedccd0000 - 0x000007fedcd2e000 	C:\Program Files\Siemens\NX 10.0\UGII\libpman.dll
0x000007fece400000 - 0x000007feced50400 	C:\Program Files\Siemens\NX 10.0\UGII\libdisp.dll

VM Arguments:
jvm_args: -Dmaven.home=EMBEDDED -Dclassworlds.conf=C:\Users\sarkara1\Documents\eclipse\workspace\.metadata\.plugins\org.eclipse.m2e.launching\launches\m2conf199737565597704041.tmp -Dmaven.multiModuleProjectDirectory=C:\Users\sarkara1\git\implanner-mas\implanner-mas -Dfile.encoding=Cp1252 
java_command: org.codehaus.plexus.classworlds.launcher.Launcher -Pjade-system-agent -B exec:java
java_class_path (initial): /C:/Users/sarkara1/Documents/eclipse/plugins/org.eclipse.m2e.maven.runtime_1.6.2.20150902-0001/jars/plexus-classworlds-2.5.2.jar
Launcher Type: SUN_STANDARD

Environment Variables:
JAVA_HOME=C:\Program Files\Java\jdk1.8.0_92
PATH=C:/Program Files/Java/jre1.8.0_92/bin/server;C:/Program Files/Java/jre1.8.0_92/bin;C:/Program Files/Java/jre1.8.0_92/lib/amd64;C:\ProgramData\Oracle\Java\javapath;C:\Program Files (x86)\Common Files\Intel\Shared Libraries\redist\intel64\mpirt;C:\Program Files (x86)\Common Files\Intel\Shared Libraries\redist\intel64\compiler;C:\Program Files (x86)\Common Files\Intel\Shared Libraries\redist\ia32\mpirt;C:\Program Files (x86)\Common Files\Intel\Shared Libraries\redist\ia32\compiler;C:\Program Files\Common Files\Microsoft Shared\Windows Live;C:\Program Files (x86)\Common Files\Microsoft Shared\Windows Live;C:\Windows\system32;C:\Windows;C:\Windows\System32\Wbem;C:\Windows\System32\WindowsPowerShell\v1.0\;c:\Program Files (x86)\Common Files\Roxio Shared\DLLShared\;c:\Program Files (x86)\Common Files\Roxio Shared\10.0\DLLShared\;C:\Program Files (x86)\Common Files\Thunder Network\KanKan\Codecs;C:\Program Files (x86)\Windows Live\Shared;C:\Program Files\MATLAB\R2012a\bin;C:\Program Files\TortoiseSVN\bin;C:\Program Files\Microsoft\Web Platform Installer\;C:\Program Files (x86)\Microsoft ASP.NET\ASP.NET Web Pages\v1.0\;C:\Program Files (x86)\Windows Kits\8.0\Windows Performance Toolkit\;C:\Program Files\Microsoft SQL Server\110\Tools\Binn\;"C:\Users\sarkara1\Box Sync\IMPlanner Research\Softwares\apache-maven-3.3.3\bin";c:\Program Files (x86)\Microsoft SQL Server\110\Tools\Binn\;c:\Program Files\Microsoft SQL Server\110\DTS\Binn\;C:\Program Files (x86)\QuickTime\QTSystem\;C:\Program Files (x86)\Skype\Phone\;C:\Program Files\Siemens\NX 10.0\UGII\;C:\Users\sarkara1\.dnx\bin;C:\Program Files\Microsoft DNX\Dnvm\;C:\Program Files\Java\jdk1.8.0_92\bin;C:\Users\sarkara1\Box Sync\IMPlanner Research\Softwares\apache-ant-1.9.6\bin;%JADE_HONE%\lib\jade.jar;C:\Users\sarkara1\Documents\eclipse;
USERNAME=sarkara1
OS=Windows_NT
PROCESSOR_IDENTIFIER=Intel64 Family 6 Model 44 Stepping 2, GenuineIntel



---------------  S Y S T E M  ---------------

OS: Windows 7 , 64 bit Build 7601 (6.1.7601.23418)

CPU:total 8 (4 cores per cpu, 2 threads per core) family 6 model 44 stepping 2, cmov, cx8, fxsr, mmx, sse, sse2, sse3, ssse3, sse4.1, sse4.2, popcnt, aes, clmul, ht, tsc, tscinvbit, tscinv

Memory: 4k page, physical 50314468k(34084408k free), swap 100627076k(79810928k free)

vm_info: Java HotSpot(TM) 64-Bit Server VM (25.92-b14) for windows-amd64 JRE (1.8.0_92-b14), built on Mar 31 2016 21:03:04 by "java_re" with MS VC++ 10.0 (VS2010)

time: Tue Jun 21 17:36:38 2016
elapsed time: 877 seconds (0d 0h 14m 37s)

