#
# A fatal error has been detected by the Java Runtime Environment:
#
#  Internal Error (0xc000000d), pid=6776, tid=0x0000000000005508
#
# JRE version: Java(TM) SE Runtime Environment (8.0_92-b14) (build 1.8.0_92-b14)
# Java VM: Java HotSpot(TM) 64-Bit Server VM (25.92-b14 mixed mode windows-amd64 compressed oops)
# Problematic frame:
# C  [ntdll.dll+0x96b4f]
#
# Failed to write core dump. Minidumps are not enabled by default on client versions of Windows
#
# If you would like to submit a bug report, please visit:
#   http://bugreport.java.com/bugreport/crash.jsp
#

---------------  T H R E A D  ---------------

Current thread (0x0000000030192800):  VMThread [stack: 0x0000000031140000,0x0000000031240000] [id=21768]

siginfo: ExceptionCode=0xc000000d

Registers:
RAX=0x000000004c27bab7, RBX=0x0000000000000000, RCX=0x000000003123ec70, RDX=0x0000000000000000
RSP=0x000000003123f280, RBP=0x000000003d6dc4b0, RSI=0x000007fee4127408, RDI=0x000000003123f3c8
R8 =0x0000000000000000, R9 =0x0000000000000000, R10=0x0000000000000000, R11=0x0000000000000246
R12=0x000000003a01c680, R13=0x000000003a01c390, R14=0x000000003d6dc5b8, R15=0x0000000000000000
RIP=0x0000000077c66b4f, EFLAGS=0x0000000000000206

Top of Stack: (sp=0x000000003123f280)
0x000000003123f280:   0000000000000000 000007fee4127408
0x000000003123f290:   000000003123f3c8 02ac000000045424
0x000000003123f2a0:   0000000041085380 0000000000001309
0x000000003123f2b0:   0000000000000000 0000000000000000
0x000000003123f2c0:   0000000000000002 0000022c00000003
0x000000003123f2d0:   00000000c000000d 0000000000000000
0x000000003123f2e0:   0000000077c66b4f 0000000000000000
0x000000003123f2f0:   0000000000000000 0000000000000000
0x000000003123f300:   0000000000000000 0000000000000000
0x000000003123f310:   0000000000000000 0000000000000000
0x000000003123f320:   0000000000000000 0000000000000000
0x000000003123f330:   0000000000000000 0000000000000000
0x000000003123f340:   0000000000000000 0000000000000000
0x000000003123f350:   0000000000000000 0000000000000000
0x000000003123f360:   0000000000000000 0035000000140000
0x000000003123f370:   0000000000000034 0000000077af3458 

Instructions: (pc=0x0000000077c66b4f)
0x0000000077c66b2f:   cd 6b fb ff b9 57 00 00 00 c7 44 24 50 0d 00 00
0x0000000077c66b3f:   c0 e8 bb 6e fb ff 48 8d 4c 24 50 e8 31 1d f8 ff
0x0000000077c66b4f:   4c 8b 1d 82 68 09 00 4d 85 db 74 5b 65 48 8b 04
0x0000000077c66b5f:   25 30 00 00 00 f6 80 ee 17 00 00 08 74 12 65 48 


Register to memory mapping:

RAX=0x000000004c27bab7 is an unknown value
RBX=0x0000000000000000 is an unknown value
RCX=0x000000003123ec70 is an unknown value
RDX=0x0000000000000000 is an unknown value
RSP=0x000000003123f280 is an unknown value
RBP=0x000000003d6dc4b0 is an unknown value
RSI=0x000007fee4127408 is an unknown value
RDI=0x000000003123f3c8 is an unknown value
R8 =0x0000000000000000 is an unknown value
R9 =0x0000000000000000 is an unknown value
R10=0x0000000000000000 is an unknown value
R11=0x0000000000000246 is an unknown value
R12=0x000000003a01c680 is an unknown value
R13=0x000000003a01c390 is an unknown value
R14=0x000000003d6dc5b8 is an unknown value
R15=0x0000000000000000 is an unknown value


Stack: [0x0000000031140000,0x0000000031240000],  sp=0x000000003123f280,  free space=1020k
Native frames: (J=compiled Java code, j=interpreted, Vv=VM code, C=native code)
C  [ntdll.dll+0x96b4f]
C  [kernel32.dll+0x43458]
C  [MSVCR110.dll+0x752d]
C  [MSVCR110.dll+0x14cde]
C  [MSVCR110.dll+0x13edc]
C  [MSVCR110.dll+0x239e]
C  [MSVCR110.dll+0xaf9e]
C  [MSVCP110.dll+0x397b9]
C  0x000000003e3a72e2
C  0x000000003e3a78bb
C  0x000000003e657968
C  0x000000003e657bea
C  [ntdll.dll+0x229b1]
C  [ntdll.dll+0x227c0]
C  [msvcr100.dll+0x20ccd]
V  [jvm.dll+0x211b45]
V  [jvm.dll+0x24a8e7]
V  [jvm.dll+0x249b86]
V  [jvm.dll+0x24a021]
V  [jvm.dll+0x24a23e]
V  [jvm.dll+0x29b34a]
C  [msvcr100.dll+0x21d9f]
C  [msvcr100.dll+0x21e3b]
C  [kernel32.dll+0x159bd]
C  [ntdll.dll+0x2a2e1]

VM_Operation (0x000000003df2ef40): Exit, mode: safepoint, requested by thread 0x0000000032d98800


---------------  P R O C E S S  ---------------

Java Threads: ( => current thread )
  0x0000000032d98800 JavaThread "Thread-20" [_thread_blocked, id=13528, stack(0x000000003de30000,0x000000003df30000)]
  0x0000000032d97000 JavaThread "Thread-19" daemon [_thread_blocked, id=20552, stack(0x0000000038e70000,0x0000000038f70000)]
  0x0000000032d9e000 JavaThread "AWT-EventQueue-0" [_thread_blocked, id=14384, stack(0x000000003c020000,0x000000003c120000)]
  0x0000000032d9d000 JavaThread "TimerQueue" daemon [_thread_blocked, id=18728, stack(0x000000003a7e0000,0x000000003a8e0000)]
  0x0000000032d9b800 JavaThread "AWT-Shutdown" [_thread_blocked, id=13576, stack(0x00000000394b0000,0x00000000395b0000)]
  0x0000000032d9b000 JavaThread "Java2D Disposer" daemon [_thread_blocked, id=17256, stack(0x00000000392c0000,0x00000000393c0000)]
  0x00000000302ac000 JavaThread "Service Thread" daemon [_thread_blocked, id=17440, stack(0x0000000031e30000,0x0000000031f30000)]
  0x000000003023f800 JavaThread "C1 CompilerThread3" daemon [_thread_blocked, id=22148, stack(0x0000000031bd0000,0x0000000031cd0000)]
  0x000000003021e800 JavaThread "C2 CompilerThread2" daemon [_thread_blocked, id=11328, stack(0x0000000031d10000,0x0000000031e10000)]
  0x00000000301ff800 JavaThread "C2 CompilerThread1" daemon [_thread_blocked, id=20264, stack(0x0000000031920000,0x0000000031a20000)]
  0x00000000301e7800 JavaThread "C2 CompilerThread0" daemon [_thread_blocked, id=10812, stack(0x0000000031a20000,0x0000000031b20000)]
  0x00000000301e4000 JavaThread "Attach Listener" daemon [_thread_blocked, id=16288, stack(0x0000000031770000,0x0000000031870000)]
  0x000000002f026000 JavaThread "Signal Dispatcher" daemon [_thread_blocked, id=20616, stack(0x0000000031600000,0x0000000031700000)]
  0x000000002f023000 JavaThread "Finalizer" daemon [_thread_blocked, id=18772, stack(0x0000000031410000,0x0000000031510000)]
  0x000000002f01c800 JavaThread "Reference Handler" daemon [_thread_blocked, id=20176, stack(0x00000000312b0000,0x00000000313b0000)]
  0x000000000218a000 JavaThread "main" [_thread_blocked, id=18552, stack(0x0000000002490000,0x0000000002590000)]

Other Threads:
=>0x0000000030192800 VMThread [stack: 0x0000000031140000,0x0000000031240000] [id=21768]

VM state:at safepoint (shutting down)

VM Mutex/Monitor currently owned by a thread:  ([mutex/lock_event])
[0x0000000001bae840] Threads_lock - owner thread: 0x0000000030192800

Heap:
 PSYoungGen      total 229376K, used 126626K [0x00000006c0180000, 0x00000006d5b80000, 0x00000007c0000000)
  eden space 196608K, 60% used [0x00000006c0180000,0x00000006c76223d0,0x00000006cc180000)
  from space 32768K, 21% used [0x00000006cc180000,0x00000006cc886770,0x00000006ce180000)
  to   space 32768K, 0% used [0x00000006d3b80000,0x00000006d3b80000,0x00000006d5b80000)
 ParOldGen       total 355328K, used 18700K [0x00000004c0400000, 0x00000004d5f00000, 0x00000006c0180000)
  object space 355328K, 5% used [0x00000004c0400000,0x00000004c1643180,0x00000004d5f00000)
 Metaspace       used 33467K, capacity 33970K, committed 34304K, reserved 1079296K
  class space    used 4362K, capacity 4553K, committed 4608K, reserved 1048576K

Card table byte_map: [0x0000000011c20000,0x0000000013420000] byte_map_base: 0x000000000f61e000

Marking Bits: (ParMarkBitMap*) 0x000000006ff964f0
 Begin Bits: [0x0000000014e50000, 0x0000000020e40000)
 End Bits:   [0x0000000020e40000, 0x000000002ce30000)

Polling page: 0x0000000001b80000

CodeCache: size=245760Kb used=10149Kb max_used=11489Kb free=235610Kb
 bounds [0x0000000002860000, 0x00000000033b0000, 0x0000000011860000]
 total_blobs=4008 nmethods=3283 adapters=638
 compilation: enabled

Compilation events (10 events):
Event: 863.824 Thread 0x000000003023f800 3824       3       java.util.regex.Matcher::find (35 bytes)
Event: 863.824 Thread 0x000000003021e800 3826       4       java.util.regex.Pattern$GroupHead::match (47 bytes)
Event: 863.825 Thread 0x000000003023f800 nmethod 3824 0x0000000002a14110 code [0x0000000002a142c0, 0x0000000002a14858]
Event: 863.825 Thread 0x000000003023f800 3825       3       java.util.Formatter$FormatSpecifier::<init> (246 bytes)
Event: 863.827 Thread 0x000000003021e800 nmethod 3826 0x00000000029ff890 code [0x00000000029ff9e0, 0x00000000029ffb18]
Event: 863.828 Thread 0x000000003023f800 nmethod 3825 0x0000000002fbfb50 code [0x0000000002fbfe80, 0x0000000002fc1178]
Event: 863.829 Thread 0x000000003023f800 3827       3       java.util.Formatter$FormatSpecifier::print (243 bytes)
Event: 863.830 Thread 0x000000003023f800 nmethod 3827 0x0000000002cef090 code [0x0000000002cef2e0, 0x0000000002cefbc8]
Event: 863.831 Thread 0x000000003023f800 3828       1       java.util.concurrent.CopyOnWriteArrayList::getArray (5 bytes)
Event: 863.831 Thread 0x000000003023f800 nmethod 3828 0x0000000002af6890 code [0x0000000002af69e0, 0x0000000002af6af0]

GC Heap History (8 events):
Event: 3.543 GC heap before
{Heap before GC invocations=1 (full 0):
 PSYoungGen      total 229376K, used 173037K [0x00000006c0180000, 0x00000006d0180000, 0x00000007c0000000)
  eden space 196608K, 88% used [0x00000006c0180000,0x00000006caa7b608,0x00000006cc180000)
  from space 32768K, 0% used [0x00000006ce180000,0x00000006ce180000,0x00000006d0180000)
  to   space 32768K, 0% used [0x00000006cc180000,0x00000006cc180000,0x00000006ce180000)
 ParOldGen       total 524288K, used 0K [0x00000004c0400000, 0x00000004e0400000, 0x00000006c0180000)
  object space 524288K, 0% used [0x00000004c0400000,0x00000004c0400000,0x00000004e0400000)
 Metaspace       used 20630K, capacity 21018K, committed 21248K, reserved 1067008K
  class space    used 2533K, capacity 2708K, committed 2816K, reserved 1048576K
Event: 3.564 GC heap after
Heap after GC invocations=1 (full 0):
 PSYoungGen      total 229376K, used 19490K [0x00000006c0180000, 0x00000006d0180000, 0x00000007c0000000)
  eden space 196608K, 0% used [0x00000006c0180000,0x00000006c0180000,0x00000006cc180000)
  from space 32768K, 59% used [0x00000006cc180000,0x00000006cd488bc0,0x00000006ce180000)
  to   space 32768K, 0% used [0x00000006ce180000,0x00000006ce180000,0x00000006d0180000)
 ParOldGen       total 524288K, used 32K [0x00000004c0400000, 0x00000004e0400000, 0x00000006c0180000)
  object space 524288K, 0% used [0x00000004c0400000,0x00000004c0408000,0x00000004e0400000)
 Metaspace       used 20630K, capacity 21018K, committed 21248K, reserved 1067008K
  class space    used 2533K, capacity 2708K, committed 2816K, reserved 1048576K
}
Event: 3.564 GC heap before
{Heap before GC invocations=2 (full 1):
 PSYoungGen      total 229376K, used 19490K [0x00000006c0180000, 0x00000006d0180000, 0x00000007c0000000)
  eden space 196608K, 0% used [0x00000006c0180000,0x00000006c0180000,0x00000006cc180000)
  from space 32768K, 59% used [0x00000006cc180000,0x00000006cd488bc0,0x00000006ce180000)
  to   space 32768K, 0% used [0x00000006ce180000,0x00000006ce180000,0x00000006d0180000)
 ParOldGen       total 524288K, used 32K [0x00000004c0400000, 0x00000004e0400000, 0x00000006c0180000)
  object space 524288K, 0% used [0x00000004c0400000,0x00000004c0408000,0x00000004e0400000)
 Metaspace       used 20630K, capacity 21018K, committed 21248K, reserved 1067008K
  class space    used 2533K, capacity 2708K, committed 2816K, reserved 1048576K
Event: 3.613 GC heap after
Heap after GC invocations=2 (full 1):
 PSYoungGen      total 229376K, used 0K [0x00000006c0180000, 0x00000006d0180000, 0x00000007c0000000)
  eden space 196608K, 0% used [0x00000006c0180000,0x00000006c0180000,0x00000006cc180000)
  from space 32768K, 0% used [0x00000006cc180000,0x00000006cc180000,0x00000006ce180000)
  to   space 32768K, 0% used [0x00000006ce180000,0x00000006ce180000,0x00000006d0180000)
 ParOldGen       total 355328K, used 18684K [0x00000004c0400000, 0x00000004d5f00000, 0x00000006c0180000)
  object space 355328K, 5% used [0x00000004c0400000,0x00000004c163f180,0x00000004d5f00000)
 Metaspace       used 20630K, capacity 21018K, committed 21248K, reserved 1067008K
  class space    used 2533K, capacity 2708K, committed 2816K, reserved 1048576K
}
Event: 44.950 GC heap before
{Heap before GC invocations=3 (full 1):
 PSYoungGen      total 229376K, used 195751K [0x00000006c0180000, 0x00000006d0180000, 0x00000007c0000000)
  eden space 196608K, 99% used [0x00000006c0180000,0x00000006cc0a9da8,0x00000006cc180000)
  from space 32768K, 0% used [0x00000006cc180000,0x00000006cc180000,0x00000006ce180000)
  to   space 32768K, 0% used [0x00000006ce180000,0x00000006ce180000,0x00000006d0180000)
 ParOldGen       total 355328K, used 18684K [0x00000004c0400000, 0x00000004d5f00000, 0x00000006c0180000)
  object space 355328K, 5% used [0x00000004c0400000,0x00000004c163f180,0x00000004d5f00000)
 Metaspace       used 29122K, capacity 29636K, committed 29952K, reserved 1075200K
  class space    used 3853K, capacity 4024K, committed 4096K, reserved 1048576K
Event: 44.955 GC heap after
Heap after GC invocations=3 (full 1):
 PSYoungGen      total 229376K, used 7819K [0x00000006c0180000, 0x00000006d2300000, 0x00000007c0000000)
  eden space 196608K, 0% used [0x00000006c0180000,0x00000006c0180000,0x00000006cc180000)
  from space 32768K, 23% used [0x00000006ce180000,0x00000006ce922f88,0x00000006d0180000)
  to   space 32768K, 0% used [0x00000006cc180000,0x00000006cc180000,0x00000006ce180000)
 ParOldGen       total 355328K, used 18692K [0x00000004c0400000, 0x00000004d5f00000, 0x00000006c0180000)
  object space 355328K, 5% used [0x00000004c0400000,0x00000004c1641180,0x00000004d5f00000)
 Metaspace       used 29122K, capacity 29636K, committed 29952K, reserved 1075200K
  class space    used 3853K, capacity 4024K, committed 4096K, reserved 1048576K
}
Event: 45.059 GC heap before
{Heap before GC invocations=4 (full 1):
 PSYoungGen      total 229376K, used 203962K [0x00000006c0180000, 0x00000006d2300000, 0x00000007c0000000)
  eden space 196608K, 99% used [0x00000006c0180000,0x00000006cc10ba80,0x00000006cc180000)
  from space 32768K, 23% used [0x00000006ce180000,0x00000006ce922f88,0x00000006d0180000)
  to   space 32768K, 0% used [0x00000006cc180000,0x00000006cc180000,0x00000006ce180000)
 ParOldGen       total 355328K, used 18692K [0x00000004c0400000, 0x00000004d5f00000, 0x00000006c0180000)
  object space 355328K, 5% used [0x00000004c0400000,0x00000004c1641180,0x00000004d5f00000)
 Metaspace       used 29122K, capacity 29636K, committed 29952K, reserved 1075200K
  class space    used 3853K, capacity 4024K, committed 4096K, reserved 1048576K
Event: 45.063 GC heap after
Heap after GC invocations=4 (full 1):
 PSYoungGen      total 229376K, used 7193K [0x00000006c0180000, 0x00000006d5b80000, 0x00000007c0000000)
  eden space 196608K, 0% used [0x00000006c0180000,0x00000006c0180000,0x00000006cc180000)
  from space 32768K, 21% used [0x00000006cc180000,0x00000006cc886770,0x00000006ce180000)
  to   space 32768K, 0% used [0x00000006d3b80000,0x00000006d3b80000,0x00000006d5b80000)
 ParOldGen       total 355328K, used 18700K [0x00000004c0400000, 0x00000004d5f00000, 0x00000006c0180000)
  object space 355328K, 5% used [0x00000004c0400000,0x00000004c1643180,0x00000004d5f00000)
 Metaspace       used 29122K, capacity 29636K, committed 29952K, reserved 1075200K
  class space    used 3853K, capacity 4024K, committed 4096K, reserved 1048576K
}

Deoptimization events (10 events):
Event: 45.144 Thread 0x0000000032d9e000 Uncommon trap: reason=class_check action=maybe_recompile pc=0x00000000031fc360 method=java.util.Hashtable.put(Ljava/lang/Object;Ljava/lang/Object;)Ljava/lang/Object; @ 60
Event: 45.152 Thread 0x0000000032d98800 Uncommon trap: reason=bimorphic action=maybe_recompile pc=0x0000000002f76f94 method=java.util.Hashtable.addEntry(ILjava/lang/Object;Ljava/lang/Object;I)V @ 38
Event: 45.152 Thread 0x0000000032d98800 Uncommon trap: reason=bimorphic action=maybe_recompile pc=0x0000000002f76f94 method=java.util.Hashtable.addEntry(ILjava/lang/Object;Ljava/lang/Object;I)V @ 38
Event: 45.600 Thread 0x0000000032d98800 Uncommon trap: reason=unstable_if action=reinterpret pc=0x0000000003377ea4 method=edu.ohiou.mfgresearch.impmas.semantics.PartFile.getTempFile()Ljava/io/File; @ 107
Event: 50.063 Thread 0x0000000032d98800 Uncommon trap: reason=unstable_if action=reinterpret pc=0x0000000002e0e15c method=java.lang.reflect.Field.get(Ljava/lang/Object;)Ljava/lang/Object; @ 4
Event: 50.066 Thread 0x0000000032d98800 Uncommon trap: reason=unstable_if action=reinterpret pc=0x0000000002fd4f0c method=java.util.Hashtable$Enumerator.nextElement()Ljava/lang/Object; @ 87
Event: 142.000 Thread 0x0000000032d98000 Uncommon trap: reason=unstable_if action=reinterpret pc=0x0000000002da52b8 method=jade.content.lang.sl.SimpleCharStream.UpdateLineColumn(C)V @ 14
Event: 142.000 Thread 0x0000000032d98000 Uncommon trap: reason=unstable_if action=reinterpret pc=0x00000000032f7fd0 method=jade.content.lang.sl.SimpleCharStream.UpdateLineColumn(C)V @ 14
Event: 142.144 Thread 0x0000000032d98000 Uncommon trap: reason=unstable_if action=reinterpret pc=0x00000000032322bc method=java.lang.reflect.Method.isDefault()Z @ 19
Event: 142.144 Thread 0x0000000032d98000 Uncommon trap: reason=unstable_if action=reinterpret pc=0x000000000321e740 method=java.lang.reflect.Method.isDefault()Z @ 19

Internal exceptions (10 events):
Event: 142.003 Thread 0x0000000032d98000 Exception <a 'java/lang/NullPointerException'> (0x00000006c55cc9b8) thrown at [D:\re\workspace\8-2-build-windows-amd64-cygwin\jdk8u92\6642\hotspot\src\share\vm\interpreter\linkResolver.cpp, line 1178]
Event: 142.129 Thread 0x0000000032d98000 Exception <a 'java/io/FileNotFoundException'> (0x00000006c5a34f80) thrown at [D:\re\workspace\8-2-build-windows-amd64-cygwin\jdk8u92\6642\hotspot\src\share\vm\prims\jni.cpp, line 709]
Event: 142.243 Thread 0x0000000032d98000 Exception <a 'java/io/FileNotFoundException'> (0x00000006c614bdf0) thrown at [D:\re\workspace\8-2-build-windows-amd64-cygwin\jdk8u92\6642\hotspot\src\share\vm\prims\jni.cpp, line 709]
Event: 142.244 Thread 0x0000000032d98000 Exception <a 'java/lang/ClassNotFoundException': sun/net/www/protocol/c/Handler> (0x00000006c614cc88) thrown at [D:\re\workspace\8-2-build-windows-amd64-cygwin\jdk8u92\6642\hotspot\src\share\vm\classfile\systemDictionary.cpp, line 210]
Event: 863.815 Thread 0x0000000032d98000 Exception <a 'java/lang/InterruptedException'> (0x00000006c6162778) thrown at [D:\re\workspace\8-2-build-windows-amd64-cygwin\jdk8u92\6642\hotspot\src\share\vm\runtime\objectMonitor.cpp, line 1684]
Event: 863.818 Thread 0x0000000032da0000 Exception <a 'java/lang/InterruptedException'> (0x00000006c63eef30) thrown at [D:\re\workspace\8-2-build-windows-amd64-cygwin\jdk8u92\6642\hotspot\src\share\vm\runtime\objectMonitor.cpp, line 1684]
Event: 863.820 Thread 0x0000000032d98800 Exception <a 'java/lang/InterruptedException'> (0x00000006c46bbf80) thrown at [D:\re\workspace\8-2-build-windows-amd64-cygwin\jdk8u92\6642\hotspot\src\share\vm\runtime\objectMonitor.cpp, line 1684]
Event: 863.823 Thread 0x0000000032acd000 Exception <a 'java/net/SocketException': socket closed> (0x00000006c6208ce8) thrown at [D:\re\workspace\8-2-build-windows-amd64-cygwin\jdk8u92\6642\hotspot\src\share\vm\prims\jni.cpp, line 735]
Event: 863.823 Thread 0x0000000032d97000 Exception <a 'java/net/SocketException': Socket closed> (0x00000006c648fd48) thrown at [D:\re\workspace\8-2-build-windows-amd64-cygwin\jdk8u92\6642\hotspot\src\share\vm\prims\jni.cpp, line 735]
Event: 863.823 Thread 0x000000003394d000 Exception <a 'java/lang/InterruptedException': sleep interrupted> (0x00000006c495cad0) thrown at [D:\re\workspace\8-2-build-windows-amd64-cygwin\jdk8u92\6642\hotspot\src\share\vm\prims\jvm.cpp, line 3215]

Events (10 events):
Event: 863.826 Thread 0x0000000032d9e800 Thread exited: 0x0000000032d9e800
Event: 863.827 Thread 0x000000003021e800 flushing nmethod 0x0000000002ceebd0
Event: 863.828 Thread 0x000000003023f800 flushing nmethod 0x0000000002d25750
Event: 863.828 Thread 0x0000000032d98000 Thread exited: 0x0000000032d98000
Event: 863.830 Thread 0x000000003023f800 flushing nmethod 0x0000000002e0de50
Event: 863.830 Thread 0x000000003023f800 flushing nmethod 0x0000000002e509d0
Event: 863.831 Thread 0x000000003023f800 flushing nmethod 0x0000000002e7fe50
Event: 863.873 Thread 0x0000000032d9c800 Thread exited: 0x0000000032d9c800
Event: 863.926 Thread 0x0000000032d9f800 Thread exited: 0x0000000032d9f800
Event: 863.926 Executing VM operation: Exit


Dynamic libraries:
0x000000013ff00000 - 0x000000013ff37000 	C:\Program Files\Java\jre1.8.0_92\bin\javaw.exe
0x0000000077bd0000 - 0x0000000077d7a000 	C:\Windows\SYSTEM32\ntdll.dll
0x0000000077ab0000 - 0x0000000077bcf000 	C:\Windows\system32\kernel32.dll
0x000007fefda90000 - 0x000007fefdafa000 	C:\Windows\system32\KERNELBASE.dll
0x000007feff7b0000 - 0x000007feff88b000 	C:\Windows\system32\ADVAPI32.dll
0x000007feff8e0000 - 0x000007feff97f000 	C:\Windows\system32\msvcrt.dll
0x000007feff250000 - 0x000007feff26f000 	C:\Windows\SYSTEM32\sechost.dll
0x000007feff270000 - 0x000007feff39d000 	C:\Windows\system32\RPCRT4.dll
0x00000000779b0000 - 0x0000000077aaa000 	C:\Windows\system32\USER32.dll
0x000007feff980000 - 0x000007feff9e7000 	C:\Windows\system32\GDI32.dll
0x000007feff4e0000 - 0x000007feff4ee000 	C:\Windows\system32\LPK.dll
0x000007fefdd10000 - 0x000007fefddda000 	C:\Windows\system32\USP10.dll
0x000007fefc2c0000 - 0x000007fefc4b4000 	C:\Windows\WinSxS\amd64_microsoft.windows.common-controls_6595b64144ccf1df_6.0.7601.18837_none_fa3b1e3d17594757\COMCTL32.dll
0x000007fefe010000 - 0x000007fefe081000 	C:\Windows\system32\SHLWAPI.dll
0x000007feff780000 - 0x000007feff7ae000 	C:\Windows\system32\IMM32.DLL
0x000007feffdd0000 - 0x000007feffed9000 	C:\Windows\system32\MSCTF.dll
0x00000000756b0000 - 0x00000000756e9000 	C:\PROGRA~2\Sophos\SOPHOS~1\SOPHOS~2.DLL
0x0000000077da0000 - 0x0000000077da7000 	C:\Windows\system32\PSAPI.DLL
0x00000000796f0000 - 0x00000000797c2000 	C:\Program Files\Java\jre1.8.0_92\bin\msvcr100.dll
0x000000006f780000 - 0x0000000070016000 	C:\Program Files\Java\jre1.8.0_92\bin\server\jvm.dll
0x000007fef98a0000 - 0x000007fef98a9000 	C:\Windows\system32\WSOCK32.dll
0x000007feff890000 - 0x000007feff8dd000 	C:\Windows\system32\WS2_32.dll
0x000007feffdc0000 - 0x000007feffdc8000 	C:\Windows\system32\NSI.dll
0x000007fefb5c0000 - 0x000007fefb5fb000 	C:\Windows\system32\WINMM.dll
0x000007fefca60000 - 0x000007fefca6c000 	C:\Windows\system32\VERSION.dll
0x0000000001b70000 - 0x0000000001b7f000 	C:\Program Files\Java\jre1.8.0_92\bin\verify.dll
0x000000006ccb0000 - 0x000000006ccd9000 	C:\Program Files\Java\jre1.8.0_92\bin\java.dll
0x0000000070690000 - 0x00000000706a6000 	C:\Program Files\Java\jre1.8.0_92\bin\zip.dll
0x000007fefe4c0000 - 0x000007feff24c000 	C:\Windows\system32\SHELL32.dll
0x000007fefde00000 - 0x000007fefe003000 	C:\Windows\system32\ole32.dll
0x000007fefd950000 - 0x000007fefd95f000 	C:\Windows\system32\profapi.dll
0x0000000070150000 - 0x000000007016a000 	C:\Program Files\Java\jre1.8.0_92\bin\net.dll
0x000007fefca70000 - 0x000007fefca9f000 	C:\ProgramData\Sophos\Web Intelligence\swi_ifslsp_64.dll
0x000007fefd0f0000 - 0x000007fefd145000 	C:\Windows\system32\mswsock.dll
0x000007fefd0e0000 - 0x000007fefd0e7000 	C:\Windows\System32\wship6.dll
0x000000006f5a0000 - 0x000000006f5b1000 	C:\Program Files\Java\jre1.8.0_92\bin\nio.dll
0x00000000703c0000 - 0x00000000703e4000 	C:\Program Files\Java\jre1.8.0_92\bin\sunec.dll
0x000007fefd340000 - 0x000007fefd358000 	C:\Windows\system32\CRYPTSP.dll
0x000007fefce40000 - 0x000007fefce87000 	C:\Windows\system32\rsaenh.dll
0x000007fefdb20000 - 0x000007fefdb3e000 	C:\Windows\system32\USERENV.dll
0x000007fefd7f0000 - 0x000007fefd7ff000 	C:\Windows\system32\CRYPTBASE.dll
0x000007fefbec0000 - 0x000007fefbee7000 	C:\Windows\system32\IPHLPAPI.DLL
0x000007fefca50000 - 0x000007fefca5b000 	C:\Windows\system32\WINNSI.DLL
0x000007fefa8a0000 - 0x000007fefa8b8000 	C:\Windows\system32\dhcpcsvc.DLL
0x000007fefa880000 - 0x000007fefa891000 	C:\Windows\system32\dhcpcsvc6.DLL
0x000007fefca40000 - 0x000007fefca47000 	C:\Windows\System32\wshtcpip.dll
0x000007fefcf70000 - 0x000007fefcfcb000 	C:\Windows\system32\DNSAPI.dll
0x000007fef9920000 - 0x000007fef994f000 	C:\Program Files\Common Files\Microsoft Shared\Windows Live\WLIDNSP.DLL
0x0000000072ff0000 - 0x0000000073016000 	C:\Program Files\Bonjour\mdnsNSP.dll
0x000007fef9910000 - 0x000007fef9918000 	C:\Windows\system32\rasadhlp.dll
0x000007fefa7f0000 - 0x000007fefa843000 	C:\Windows\System32\fwpuclnt.dll
0x000000006c9e0000 - 0x000000006cb78000 	C:\Program Files\Java\jre1.8.0_92\bin\awt.dll
0x000007fefe360000 - 0x000007fefe438000 	C:\Windows\system32\OLEAUT32.dll
0x000007fefc260000 - 0x000007fefc2b6000 	C:\Windows\system32\uxtheme.dll
0x000007fefb560000 - 0x000007fefb578000 	C:\Windows\system32\dwmapi.dll
0x000007feffbe0000 - 0x000007feffdb7000 	C:\Windows\system32\SETUPAPI.dll
0x000007fefd970000 - 0x000007fefd9a6000 	C:\Windows\system32\CFGMGR32.dll
0x000007fefd9b0000 - 0x000007fefd9ca000 	C:\Windows\system32\DEVOBJ.dll
0x0000000180000000 - 0x000000018013a000 	C:\Program Files (x86)\NVIDIA Corporation\3D Vision\nvSCPAPI64.dll
0x000000006cf90000 - 0x000000006cfd7000 	C:\Program Files\Java\jre1.8.0_92\bin\fontmanager.dll
0x0000000070250000 - 0x0000000070292000 	C:\Program Files\Java\jre1.8.0_92\bin\t2k.dll
0x000007feff440000 - 0x000007feff4d9000 	C:\Windows\system32\CLBCatQ.DLL
0x000007feedde0000 - 0x000007feede04000 	C:\Program Files\Siemens\NX 10.0\UGII\libnxopenjavacore.dll
0x000007fed3dc0000 - 0x000007fed44cc000 	C:\Program Files\Siemens\NX 10.0\UGII\libjam.dll
0x000007fed3890000 - 0x000007fed3db4000 	C:\Program Files\Siemens\NX 10.0\UGII\libsyss.dll
0x000007fee4120000 - 0x000007fee41f4000 	C:\Windows\system32\MSVCR110.dll
0x000007fee3180000 - 0x000007fee3227000 	C:\Windows\system32\MSVCP110.dll
0x000007feda250000 - 0x000007feda301000 	C:\Windows\system32\ODBC32.dll
0x000007fef8ba0000 - 0x000007fef8bb8000 	C:\Windows\system32\MPR.dll
0x000007feef210000 - 0x000007feef229000 	C:\Program Files\Siemens\NX 10.0\UGII\libnxc.dll
0x000007fef0490000 - 0x000007fef0497000 	C:\Program Files\Siemens\NX 10.0\UGII\libpatch.dll
0x000007fefdb80000 - 0x000007fefdced000 	C:\Windows\system32\CRYPT32.dll
0x000007fefd960000 - 0x000007fefd96f000 	C:\Windows\system32\MSASN1.dll
0x000007fefdb40000 - 0x000007fefdb7b000 	C:\Windows\system32\WINTRUST.dll
0x000007feff3a0000 - 0x000007feff437000 	C:\Windows\system32\COMDLG32.dll
0x000007fefb850000 - 0x000007fefb866000 	C:\Windows\system32\NETAPI32.dll
0x000007fefce90000 - 0x000007fefce9c000 	C:\Windows\system32\netutils.dll
0x000007fefd430000 - 0x000007fefd453000 	C:\Windows\system32\srvcli.dll
0x000007fefb830000 - 0x000007fefb845000 	C:\Windows\system32\wkscli.dll
0x000007fed29b0000 - 0x000007fed388b400 	C:\Program Files\Siemens\NX 10.0\UGII\libpart.dll
0x000007feced60000 - 0x000007fecfb73000 	C:\Program Files\Siemens\NX 10.0\UGII\libann.dll
0x000007fed04a0000 - 0x000007fed099d000 	C:\Program Files\Siemens\NX 10.0\UGII\libcmod.dll
0x000007fed0210000 - 0x000007fed0499000 	C:\Program Files\Siemens\NX 10.0\UGII\libcustdef.dll
0x000007feda140000 - 0x000007feda1e8000 	C:\Program Files\Siemens\NX 10.0\UGII\libugmath.dll
0x000007fedccd0000 - 0x000007fedcd2e000 	C:\Program Files\Siemens\NX 10.0\UGII\libpman.dll
0x000007fece400000 - 0x000007feced50400 	C:\Program Files\Siemens\NX 10.0\UGII\libdisp.dll
0x000007fed2840000 - 0x000007fed29a8000 	C:\Program Files\Siemens\NX 10.0\UGII\libasmo.dll
0x000007fecd860000 - 0x000007fecdf09000 	C:\Program Files\Siemens\NX 10.0\UGII\libassy.dll
0x000007feda090000 - 0x000007feda13c000 	C:\Program Files\Siemens\NX 10.0\UGII\libassybox.dll
0x000007fedd420000 - 0x000007fedd47f000 	C:\Program Files\Siemens\NX 10.0\UGII\libdman.dll
0x000007fed0080000 - 0x000007fed020e000 	C:\Program Files\Siemens\NX 10.0\UGII\libugutils.dll
0x000007fecb000000 - 0x000007fecd854000 	C:\Program Files\Siemens\NX 10.0\UGII\PSKERNEL.dll
0x000007fed9bc0000 - 0x000007fed9ce0000 	C:\Program Files\Siemens\NX 10.0\UGII\PFKERNEL.dll
0x000007feda4a0000 - 0x000007feda4fd000 	C:\Program Files\Siemens\NX 10.0\UGII\libsmdpk.dll
0x000007feca6c0000 - 0x000007fecaff9000 	C:\Program Files\Siemens\NX 10.0\UGII\libdraw.dll
0x000007fed9b60000 - 0x000007fed9bb8000 	C:\Program Files\Siemens\NX 10.0\UGII\libassypos.dll
0x000007fecfd70000 - 0x000007fed0071000 	C:\Program Files\Siemens\NX 10.0\UGII\libevaluator.dll
0x000007feca1c0000 - 0x000007feca6b4000 	C:\Program Files\Siemens\NX 10.0\UGII\libgeom.dll
0x000007fed7170000 - 0x000007fed725a000 	C:\Program Files\Siemens\NX 10.0\UGII\libgeomutil.dll
0x000007fec9e30000 - 0x000007feca1be000 	C:\Program Files\Siemens\NX 10.0\UGII\libfacet.dll
0x000007fec98d0000 - 0x000007fec9e2b000 	C:\Program Files\Siemens\NX 10.0\UGII\libocc.dll
0x000007fed5e00000 - 0x000007fed5f20000 	C:\Program Files\Siemens\NX 10.0\UGII\libdmapplication.dll
0x000007fecfba0000 - 0x000007fecfd69000 	C:\Program Files\Siemens\NX 10.0\UGII\libdmservices.dll
0x000007fec9340000 - 0x000007fec98cf000 	C:\Program Files\Siemens\NX 10.0\UGII\libugmr.dll
0x000007fece2f0000 - 0x000007fece3fc000 	C:\Program Files\Siemens\NX 10.0\UGII\libklo.dll
0x000007fed9870000 - 0x000007fed9901000 	C:\Program Files\Siemens\NX 10.0\UGII\libfusion.dll
0x000007fee2060000 - 0x000007fee208d000 	C:\Program Files\Siemens\NX 10.0\UGII\libinterop.dll
0x000007fec7f50000 - 0x000007fec9332000 	C:\Program Files\Siemens\NX 10.0\UGII\libmodl.dll
0x000007fece1e0000 - 0x000007fece2ed000 	C:\Program Files\Siemens\NX 10.0\UGII\libpkp.dll
0x000007fece0d0000 - 0x000007fece1d8000 	C:\Program Files\Siemens\NX 10.0\UGII\libfeatutils.dll
0x000007fec6db0000 - 0x000007fec7f44000 	C:\Program Files\Siemens\NX 10.0\UGII\libpartmodl.dll
0x000007fed8c20000 - 0x000007fed8c90000 	C:\Program Files\Siemens\NX 10.0\UGII\libcamsmom.dll
0x000007fed8f60000 - 0x000007fed8fd0000 	C:\Program Files\Siemens\NX 10.0\UGII\libcsfadp.dll
0x000007fec6bd0000 - 0x000007fec6dac000 	C:\Program Files\Siemens\NX 10.0\UGII\libcsf.dll
0x000007fec6740000 - 0x000007fec6bcd000 	C:\Program Files\Siemens\NX 10.0\UGII\libmodlmath.dll
0x000007fec5b60000 - 0x000007fec6739000 	C:\Program Files\Siemens\NX 10.0\UGII\libmodlgeom.dll
0x000007fec5a00000 - 0x000007fec5b5a000 	C:\Program Files\Siemens\NX 10.0\UGII\libpartdisp.dll
0x000007fec5480000 - 0x000007fec59f5000 	C:\Program Files\Siemens\NX 10.0\UGII\libpartutils.dll
0x000007fed27b0000 - 0x000007fed283c000 	C:\Program Files\Siemens\NX 10.0\UGII\libgenpos.dll
0x000007feef1f0000 - 0x000007feef205000 	C:\Program Files\Siemens\NX 10.0\UGII\libpartnav.dll
0x000007fec5330000 - 0x000007fec5471000 	C:\Program Files\Siemens\NX 10.0\UGII\libphymat.dll
0x000007fed7840000 - 0x000007fed7903000 	C:\Program Files\Siemens\NX 10.0\UGII\libpdi.dll
0x000007fec4fb0000 - 0x000007fec532d000 	C:\Program Files\Siemens\NX 10.0\UGII\libsket.dll
0x000007fec4da0000 - 0x000007fec4fa4000 	C:\Program Files\Siemens\NX 10.0\UGII\libcoreblockdata.dll
0x000007fefb0f0000 - 0x000007fefb0fd000 	C:\Program Files\Siemens\NX 10.0\UGII\libpartcommon.dll
0x000007fed0e90000 - 0x000007fed0ee7000 	C:\Program Files\Siemens\NX 10.0\UGII\libptr.dll
0x000007fec4d00000 - 0x000007fec4d97000 	C:\Program Files\Siemens\NX 10.0\UGII\libimage.dll
0x000007fec4b30000 - 0x000007fec4cfc000 	C:\Program Files\Siemens\NX 10.0\UGII\libtable.dll

VM Arguments:
jvm_args: -Dmaven.home=EMBEDDED -Dclassworlds.conf=C:\Users\sarkara1\Documents\eclipse\workspace\.metadata\.plugins\org.eclipse.m2e.launching\launches\m2conf8290601119991155273.tmp -Dmaven.multiModuleProjectDirectory=C:\Users\sarkara1\git\implanner-mas\implanner-mas -Dfile.encoding=Cp1252 
java_command: org.codehaus.plexus.classworlds.launcher.Launcher -Pjade-vendor-agent -B exec:java
java_class_path (initial): /C:/Users/sarkara1/Documents/eclipse/plugins/org.eclipse.m2e.maven.runtime_1.6.2.20150902-0001/jars/plexus-classworlds-2.5.2.jar
Launcher Type: SUN_STANDARD

Environment Variables:
JAVA_HOME=C:\Program Files\Java\jdk1.8.0_92
PATH=C:/Program Files/Java/jre1.8.0_92/bin/server;C:/Program Files/Java/jre1.8.0_92/bin;C:/Program Files/Java/jre1.8.0_92/lib/amd64;C:\ProgramData\Oracle\Java\javapath;C:\Program Files (x86)\Common Files\Intel\Shared Libraries\redist\intel64\mpirt;C:\Program Files (x86)\Common Files\Intel\Shared Libraries\redist\intel64\compiler;C:\Program Files (x86)\Common Files\Intel\Shared Libraries\redist\ia32\mpirt;C:\Program Files (x86)\Common Files\Intel\Shared Libraries\redist\ia32\compiler;C:\Program Files\Common Files\Microsoft Shared\Windows Live;C:\Program Files (x86)\Common Files\Microsoft Shared\Windows Live;C:\Windows\system32;C:\Windows;C:\Windows\System32\Wbem;C:\Windows\System32\WindowsPowerShell\v1.0\;c:\Program Files (x86)\Common Files\Roxio Shared\DLLShared\;c:\Program Files (x86)\Common Files\Roxio Shared\10.0\DLLShared\;C:\Program Files (x86)\Common Files\Thunder Network\KanKan\Codecs;C:\Program Files (x86)\Windows Live\Shared;C:\Program Files\MATLAB\R2012a\bin;C:\Program Files\TortoiseSVN\bin;C:\Program Files\Microsoft\Web Platform Installer\;C:\Program Files (x86)\Microsoft ASP.NET\ASP.NET Web Pages\v1.0\;C:\Program Files (x86)\Windows Kits\8.0\Windows Performance Toolkit\;C:\Program Files\Microsoft SQL Server\110\Tools\Binn\;"C:\Users\sarkara1\Box Sync\IMPlanner Research\Softwares\apache-maven-3.3.3\bin";c:\Program Files (x86)\Microsoft SQL Server\110\Tools\Binn\;c:\Program Files\Microsoft SQL Server\110\DTS\Binn\;C:\Program Files (x86)\QuickTime\QTSystem\;C:\Program Files (x86)\Skype\Phone\;C:\Program Files\Siemens\NX 10.0\UGII\;C:\Users\sarkara1\.dnx\bin;C:\Program Files\Microsoft DNX\Dnvm\;C:\Program Files\Java\jdk1.8.0_92\bin;C:\Users\sarkara1\Box Sync\IMPlanner Research\Softwares\apache-ant-1.9.6\bin;%JADE_HONE%\lib\jade.jar;C:\Users\sarkara1\Documents\eclipse;
USERNAME=sarkara1
OS=Windows_NT
PROCESSOR_IDENTIFIER=Intel64 Family 6 Model 44 Stepping 2, GenuineIntel



---------------  S Y S T E M  ---------------

OS: Windows 7 , 64 bit Build 7601 (6.1.7601.23418)

CPU:total 8 (4 cores per cpu, 2 threads per core) family 6 model 44 stepping 2, cmov, cx8, fxsr, mmx, sse, sse2, sse3, ssse3, sse4.1, sse4.2, popcnt, aes, clmul, ht, tsc, tscinvbit, tscinv

Memory: 4k page, physical 50314468k(34071768k free), swap 100627076k(79798272k free)

vm_info: Java HotSpot(TM) 64-Bit Server VM (25.92-b14) for windows-amd64 JRE (1.8.0_92-b14), built on Mar 31 2016 21:03:04 by "java_re" with MS VC++ 10.0 (VS2010)

time: Tue Jun 21 17:36:38 2016
elapsed time: 864 seconds (0d 0h 14m 24s)

